<?xml version="1.0" encoding="UTF-8"?>
<testng-results ignored="0" total="1" passed="0" failed="1" skipped="0">
  <reporter-output>
  </reporter-output>
  <suite started-at="2023-03-18T19:05:09 IST" name="Default suite" finished-at="2023-03-18T19:05:28 IST" duration-ms="19706">
    <groups>
    </groups>
    <test started-at="2023-03-18T19:05:09 IST" name="Default test" finished-at="2023-03-18T19:05:28 IST" duration-ms="19706">
      <class name="com.crm.qa.testcases.LoginPageCRMLogoVerificationTest">
        <test-method is-config="true" signature="testSetUp()[pri:0, instance:com.crm.qa.testcases.LoginPageCRMLogoVerificationTest@f09733f]" started-at="2023-03-18T19:05:09 IST" name="testSetUp" finished-at="2023-03-18T19:05:24 IST" duration-ms="15940" status="PASS">
          <reporter-output>
          </reporter-output>
        </test-method> <!-- testSetUp -->
        <test-method signature="loginPageLogoValidationTest()[pri:0, instance:com.crm.qa.testcases.LoginPageCRMLogoVerificationTest@f09733f]" started-at="2023-03-18T19:05:25 IST" name="loginPageLogoValidationTest" finished-at="2023-03-18T19:05:28 IST" duration-ms="3276" status="FAIL">
          <exception class="javax.imageio.IIOException">
            <message>
              <![CDATA[Can't read input file!]]>
            </message>
            <full-stacktrace>
              <![CDATA[javax.imageio.IIOException: Can't read input file!
at java.desktop/javax.imageio.ImageIO.read(ImageIO.java:1310)
at com.crm.qa.pages.LoginPage.compareImages(LoginPage.java:86)
at com.crm.qa.testcases.LoginPageCRMLogoVerificationTest.loginPageLogoValidationTest(LoginPageCRMLogoVerificationTest.java:16)
at java.base/jdk.internal.reflect.NativeMethodAccessorImpl.invoke0(Native Method)
at java.base/jdk.internal.reflect.NativeMethodAccessorImpl.invoke(NativeMethodAccessorImpl.java:77)
at java.base/jdk.internal.reflect.DelegatingMethodAccessorImpl.invoke(DelegatingMethodAccessorImpl.java:43)
at java.base/java.lang.reflect.Method.invoke(Method.java:568)
at org.testng.internal.invokers.MethodInvocationHelper.invokeMethod(MethodInvocationHelper.java:139)
at org.testng.internal.invokers.TestInvoker.invokeMethod(TestInvoker.java:677)
at org.testng.internal.invokers.TestInvoker.invokeTestMethod(TestInvoker.java:221)
at org.testng.internal.invokers.MethodRunner.runInSequence(MethodRunner.java:50)
at org.testng.internal.invokers.TestInvoker$MethodInvocationAgent.invoke(TestInvoker.java:969)
at org.testng.internal.invokers.TestInvoker.invokeTestMethods(TestInvoker.java:194)
at org.testng.internal.invokers.TestMethodWorker.invokeTestMethods(TestMethodWorker.java:148)
at org.testng.internal.invokers.TestMethodWorker.run(TestMethodWorker.java:128)
at java.base/java.util.ArrayList.forEach(ArrayList.java:1511)
at org.testng.TestRunner.privateRun(TestRunner.java:829)
at org.testng.TestRunner.run(TestRunner.java:602)
at org.testng.SuiteRunner.runTest(SuiteRunner.java:437)
at org.testng.SuiteRunner.runSequentially(SuiteRunner.java:431)
at org.testng.SuiteRunner.privateRun(SuiteRunner.java:391)
at org.testng.SuiteRunner.run(SuiteRunner.java:330)
at org.testng.SuiteRunnerWorker.runSuite(SuiteRunnerWorker.java:52)
at org.testng.SuiteRunnerWorker.run(SuiteRunnerWorker.java:95)
at org.testng.TestNG.runSuitesSequentially(TestNG.java:1256)
at org.testng.TestNG.runSuitesLocally(TestNG.java:1176)
at org.testng.TestNG.runSuites(TestNG.java:1099)
at org.testng.TestNG.run(TestNG.java:1067)
at org.testng.remote.AbstractRemoteTestNG.run(AbstractRemoteTestNG.java:115)
at org.testng.remote.RemoteTestNG.initAndRun(RemoteTestNG.java:251)
at org.testng.remote.RemoteTestNG.main(RemoteTestNG.java:77)
]]>
            </full-stacktrace>
          </exception> <!-- javax.imageio.IIOException -->
          <reporter-output>
          </reporter-output>
        </test-method> <!-- loginPageLogoValidationTest -->
        <test-method is-config="true" signature="testClosure(org.testng.ITestResult)[pri:0, instance:com.crm.qa.testcases.LoginPageCRMLogoVerificationTest@f09733f]" started-at="2023-03-18T19:05:28 IST" name="testClosure" finished-at="2023-03-18T19:05:28 IST" duration-ms="401" status="PASS">
          <params>
            <param index="0">
              <value>
                <![CDATA[[TestResult name=loginPageLogoValidationTest status=FAILURE method=LoginPageCRMLogoVerificationTest.loginPageLogoValidationTest()[pri:0, instance:com.crm.qa.testcases.LoginPageCRMLogoVerificationTest@f09733f] output={null}]]]>
              </value>
            </param>
          </params>
          <reporter-output>
          </reporter-output>
        </test-method> <!-- testClosure -->
      </class> <!-- com.crm.qa.testcases.LoginPageCRMLogoVerificationTest -->
    </test> <!-- Default test -->
  </suite> <!-- Default suite -->
</testng-results>
